2023-05-04 00:30:43.363  INFO 3428 --- [main] mes.AppStart                             : Starting AppStart using Java 1.8.0_202 on gayeongKwonui-MacBookPro.local with PID 3428 (/Users/gayeongkwon/IdeaProjects/MES/build/classes/java/main started by gayeongkwon in /Users/gayeongkwon/IdeaProjects/MES)
2023-05-04 00:30:43.368  INFO 3428 --- [main] mes.AppStart                             : No active profile set, falling back to 1 default profile: "default"
2023-05-04 00:30:44.385  INFO 3428 --- [main] .s.d.r.c.RepositoryConfigurationDelegate : Bootstrapping Spring Data JPA repositories in DEFAULT mode.
2023-05-04 00:30:44.474  INFO 3428 --- [main] .s.d.r.c.RepositoryConfigurationDelegate : Finished Spring Data repository scanning in 79 ms. Found 3 JPA repository interfaces.
2023-05-04 00:30:45.402  INFO 3428 --- [main] o.s.b.w.embedded.tomcat.TomcatWebServer  : Tomcat initialized with port(s): 8080 (http)
2023-05-04 00:30:45.410  INFO 3428 --- [main] o.apache.catalina.core.StandardService   : Starting service [Tomcat]
2023-05-04 00:30:45.410  INFO 3428 --- [main] org.apache.catalina.core.StandardEngine  : Starting Servlet engine: [Apache Tomcat/9.0.73]
2023-05-04 00:30:45.624  INFO 3428 --- [main] o.a.c.c.C.[Tomcat].[localhost].[/]       : Initializing Spring embedded WebApplicationContext
2023-05-04 00:30:45.624  INFO 3428 --- [main] w.s.c.ServletWebServerApplicationContext : Root WebApplicationContext: initialization completed in 2159 ms
2023-05-04 00:30:46.005  INFO 3428 --- [main] o.hibernate.jpa.internal.util.LogHelper  : HHH000204: Processing PersistenceUnitInfo [name: default]
2023-05-04 00:30:46.041  INFO 3428 --- [main] org.hibernate.Version                    : HHH000412: Hibernate ORM core version 5.6.15.Final
2023-05-04 00:30:46.267  INFO 3428 --- [main] o.hibernate.annotations.common.Version   : HCANN000001: Hibernate Commons Annotations {5.1.2.Final}
2023-05-04 00:30:46.378  INFO 3428 --- [main] com.zaxxer.hikari.HikariDataSource       : HikariPool-1 - Starting...
2023-05-04 00:30:46.775  INFO 3428 --- [main] com.zaxxer.hikari.HikariDataSource       : HikariPool-1 - Start completed.
2023-05-04 00:30:46.800  INFO 3428 --- [main] org.hibernate.dialect.Dialect            : HHH000400: Using dialect: org.hibernate.dialect.MySQL8Dialect
2023-05-04 00:30:48.088  INFO 3428 --- [main] o.h.e.t.j.p.i.JtaPlatformInitiator       : HHH000490: Using JtaPlatform implementation: [org.hibernate.engine.transaction.jta.platform.internal.NoJtaPlatform]
2023-05-04 00:30:48.098  INFO 3428 --- [main] j.LocalContainerEntityManagerFactoryBean : Initialized JPA EntityManagerFactory for persistence unit 'default'
2023-05-04 00:30:48.643  WARN 3428 --- [main] JpaBaseConfiguration$JpaWebConfiguration : spring.jpa.open-in-view is enabled by default. Therefore, database queries may be performed during view rendering. Explicitly configure spring.jpa.open-in-view to disable this warning
2023-05-04 00:30:48.872  INFO 3428 --- [main] o.s.b.a.w.s.WelcomePageHandlerMapping    : Adding welcome page: class path resource [static/index.html]
2023-05-04 00:30:49.652  INFO 3428 --- [main] o.s.b.w.embedded.tomcat.TomcatWebServer  : Tomcat started on port(s): 8080 (http) with context path ''
2023-05-04 00:30:49.687  INFO 3428 --- [main] mes.AppStart                             : Started AppStart in 6.924 seconds (JVM running for 7.46)
2023-05-04 00:30:54.626  INFO 3428 --- [http-nio-8080-exec-1] o.a.c.c.C.[Tomcat].[localhost].[/]       : Initializing Spring DispatcherServlet 'dispatcherServlet'
2023-05-04 00:30:54.627  INFO 3428 --- [http-nio-8080-exec-1] o.s.web.servlet.DispatcherServlet        : Initializing Servlet 'dispatcherServlet'
2023-05-04 00:30:54.631  INFO 3428 --- [http-nio-8080-exec-1] o.s.web.servlet.DispatcherServlet        : Completed initialization in 4 ms
2023-05-04 00:31:35.294  INFO 3428 --- [SpringApplicationShutdownHook] j.LocalContainerEntityManagerFactoryBean : Closing JPA EntityManagerFactory for persistence unit 'default'
2023-05-04 00:31:35.305  INFO 3428 --- [SpringApplicationShutdownHook] com.zaxxer.hikari.HikariDataSource       : HikariPool-1 - Shutdown initiated...
2023-05-04 00:31:35.332  INFO 3428 --- [SpringApplicationShutdownHook] com.zaxxer.hikari.HikariDataSource       : HikariPool-1 - Shutdown completed.
2023-05-04 00:35:51.490  INFO 5137 --- [main] mes.AppStart                             : Starting AppStart using Java 1.8.0_202 on gayeongKwonui-MacBookPro.local with PID 5137 (/Users/gayeongkwon/IdeaProjects/MES/build/classes/java/main started by gayeongkwon in /Users/gayeongkwon/IdeaProjects/MES)
2023-05-04 00:35:51.493  INFO 5137 --- [main] mes.AppStart                             : No active profile set, falling back to 1 default profile: "default"
2023-05-04 00:35:52.496  INFO 5137 --- [main] .s.d.r.c.RepositoryConfigurationDelegate : Bootstrapping Spring Data JPA repositories in DEFAULT mode.
2023-05-04 00:35:52.577  INFO 5137 --- [main] .s.d.r.c.RepositoryConfigurationDelegate : Finished Spring Data repository scanning in 74 ms. Found 3 JPA repository interfaces.
2023-05-04 00:35:53.517  INFO 5137 --- [main] o.s.b.w.embedded.tomcat.TomcatWebServer  : Tomcat initialized with port(s): 8080 (http)
2023-05-04 00:35:53.525  INFO 5137 --- [main] o.apache.catalina.core.StandardService   : Starting service [Tomcat]
2023-05-04 00:35:53.526  INFO 5137 --- [main] org.apache.catalina.core.StandardEngine  : Starting Servlet engine: [Apache Tomcat/9.0.73]
2023-05-04 00:35:53.737  INFO 5137 --- [main] o.a.c.c.C.[Tomcat].[localhost].[/]       : Initializing Spring embedded WebApplicationContext
2023-05-04 00:35:53.738  INFO 5137 --- [main] w.s.c.ServletWebServerApplicationContext : Root WebApplicationContext: initialization completed in 2142 ms
2023-05-04 00:35:54.173  INFO 5137 --- [main] o.hibernate.jpa.internal.util.LogHelper  : HHH000204: Processing PersistenceUnitInfo [name: default]
2023-05-04 00:35:54.204  INFO 5137 --- [main] org.hibernate.Version                    : HHH000412: Hibernate ORM core version 5.6.15.Final
2023-05-04 00:35:54.409  INFO 5137 --- [main] o.hibernate.annotations.common.Version   : HCANN000001: Hibernate Commons Annotations {5.1.2.Final}
2023-05-04 00:35:54.521  INFO 5137 --- [main] com.zaxxer.hikari.HikariDataSource       : HikariPool-1 - Starting...
2023-05-04 00:35:54.916  INFO 5137 --- [main] com.zaxxer.hikari.HikariDataSource       : HikariPool-1 - Start completed.
2023-05-04 00:35:54.946  INFO 5137 --- [main] org.hibernate.dialect.Dialect            : HHH000400: Using dialect: org.hibernate.dialect.MySQL8Dialect
2023-05-04 00:35:56.239  INFO 5137 --- [main] o.h.e.t.j.p.i.JtaPlatformInitiator       : HHH000490: Using JtaPlatform implementation: [org.hibernate.engine.transaction.jta.platform.internal.NoJtaPlatform]
2023-05-04 00:35:56.251  INFO 5137 --- [main] j.LocalContainerEntityManagerFactoryBean : Initialized JPA EntityManagerFactory for persistence unit 'default'
2023-05-04 00:35:56.814  WARN 5137 --- [main] JpaBaseConfiguration$JpaWebConfiguration : spring.jpa.open-in-view is enabled by default. Therefore, database queries may be performed during view rendering. Explicitly configure spring.jpa.open-in-view to disable this warning
2023-05-04 00:35:57.033  INFO 5137 --- [main] o.s.b.a.w.s.WelcomePageHandlerMapping    : Adding welcome page: class path resource [static/index.html]
2023-05-04 00:35:57.851  INFO 5137 --- [main] o.s.b.w.embedded.tomcat.TomcatWebServer  : Tomcat started on port(s): 8080 (http) with context path ''
2023-05-04 00:35:57.878  INFO 5137 --- [main] mes.AppStart                             : Started AppStart in 6.97 seconds (JVM running for 7.498)
2023-05-04 00:35:59.178  INFO 5137 --- [http-nio-8080-exec-1] o.a.c.c.C.[Tomcat].[localhost].[/]       : Initializing Spring DispatcherServlet 'dispatcherServlet'
2023-05-04 00:35:59.179  INFO 5137 --- [http-nio-8080-exec-1] o.s.web.servlet.DispatcherServlet        : Initializing Servlet 'dispatcherServlet'
2023-05-04 00:35:59.183  INFO 5137 --- [http-nio-8080-exec-1] o.s.web.servlet.DispatcherServlet        : Completed initialization in 4 ms
2023-05-04 00:37:10.603  INFO 5137 --- [SpringApplicationShutdownHook] j.LocalContainerEntityManagerFactoryBean : Closing JPA EntityManagerFactory for persistence unit 'default'
2023-05-04 00:37:10.614  INFO 5137 --- [SpringApplicationShutdownHook] com.zaxxer.hikari.HikariDataSource       : HikariPool-1 - Shutdown initiated...
2023-05-04 00:37:10.641  INFO 5137 --- [SpringApplicationShutdownHook] com.zaxxer.hikari.HikariDataSource       : HikariPool-1 - Shutdown completed.
